21:40:54: Creating resource group General
21:40:54: Creating resource group Internal
21:40:54: Creating resource group Autodetect
21:40:54: SceneManagerFactory for type 'DefaultSceneManager' registered.
21:40:54: Registering ResourceManager for type Material
21:40:54: Registering ResourceManager for type Mesh
21:40:54: Registering ResourceManager for type Skeleton
21:40:54: MovableObjectFactory for type 'ParticleSystem' registered.
21:40:54: ArchiveFactory for archive type FileSystem registered.
21:40:54: ArchiveFactory for archive type Zip registered.
21:40:54: ArchiveFactory for archive type EmbeddedZip registered.
21:40:54: DDS codec registering
21:40:54: FreeImage version: 3.15.4
21:40:54: This program uses FreeImage, a free, open source image library supporting all common bitmap formats. See http://freeimage.sourceforge.net for details
21:40:54: Supported formats: bmp,ico,jpg,jif,jpeg,jpe,koa,iff,lbm,pbm,pbm,pcd,pcx,pgm,pgm,png,ppm,ppm,ras,tga,targa,wap,wbmp,wbm,psd,cut,xbm,xpm,dds,gif,hdr,pfm,pct,pict,pic
21:40:54: Registering ResourceManager for type HighLevelGpuProgram
21:40:54: Registering ResourceManager for type Compositor
21:40:54: MovableObjectFactory for type 'Entity' registered.
21:40:54: MovableObjectFactory for type 'Light' registered.
21:40:54: MovableObjectFactory for type 'BillboardSet' registered.
21:40:54: MovableObjectFactory for type 'ManualObject' registered.
21:40:54: MovableObjectFactory for type 'BillboardChain' registered.
21:40:54: MovableObjectFactory for type 'RibbonTrail' registered.
21:40:54: *-*-* OGRE Initialising
21:40:54: *-*-* Version 1.9.0 (Ghadamon)
21:40:54: Loading library /usr/lib64/OGRE/RenderSystem_GL.so
21:40:54: Installing plugin: GL RenderSystem
21:40:54: OpenGL Rendering Subsystem created.
21:40:54: Plugin successfully installed
21:40:54: Loading library /usr/lib64/OGRE/Plugin_CgProgramManager.so
21:40:54: Installing plugin: Cg Program Manager
21:40:54: Plugin successfully installed
21:40:54: Loading library /usr/lib64/OGRE/Plugin_ParticleFX.so
21:40:54: Installing plugin: ParticleFX
21:40:54: Particle Emitter Type 'Point' registered
21:40:54: Particle Emitter Type 'Box' registered
21:40:54: Particle Emitter Type 'Ellipsoid' registered
21:40:54: Particle Emitter Type 'Cylinder' registered
21:40:54: Particle Emitter Type 'Ring' registered
21:40:54: Particle Emitter Type 'HollowEllipsoid' registered
21:40:54: Particle Affector Type 'LinearForce' registered
21:40:54: Particle Affector Type 'ColourFader' registered
21:40:54: Particle Affector Type 'ColourFader2' registered
21:40:54: Particle Affector Type 'ColourImage' registered
21:40:54: Particle Affector Type 'ColourInterpolator' registered
21:40:54: Particle Affector Type 'Scaler' registered
21:40:54: Particle Affector Type 'Rotator' registered
21:40:54: Particle Affector Type 'DirectionRandomiser' registered
21:40:54: Particle Affector Type 'DeflectorPlane' registered
21:40:54: Plugin successfully installed
21:40:54: Particle Emitter Type 'Nif' registered
21:40:54: Particle Affector Type 'GrowFade' registered
21:40:54: Particle Affector Type 'Gravity' registered
21:41:21: *-*-* OGRE Shutdown
21:41:21: Unregistering ResourceManager for type Compositor
21:41:21: Unregistering ResourceManager for type Skeleton
21:41:21: Unregistering ResourceManager for type Mesh
21:41:21: Unregistering ResourceManager for type HighLevelGpuProgram
21:41:21: Uninstalling plugin: ParticleFX
21:41:21: Plugin successfully uninstalled
21:41:21: Unloading library /usr/lib64/OGRE/Plugin_ParticleFX.so
21:41:21: Uninstalling plugin: Cg Program Manager
21:41:21: Plugin successfully uninstalled
21:41:21: Unloading library /usr/lib64/OGRE/Plugin_CgProgramManager.so
21:41:21: Uninstalling plugin: GL RenderSystem
21:41:21: ******************************
*** Stopping GLX Subsystem ***
******************************
21:41:21: Plugin successfully uninstalled
21:41:21: Unloading library /usr/lib64/OGRE/RenderSystem_GL.so
21:41:21: Unregistering ResourceManager for type Material
